

Started GET "/" for 134.3.143.23 at 2015-05-24 13:00:51 +0200

ActiveRecord::PendingMigrationError (

Migrations are pending. To resolve this issue, run:

	bin/rake db:migrate RAILS_ENV=development

):
  activerecord (4.2.1) lib/active_record/migration.rb:393:in `check_pending!'
  activerecord (4.2.1) lib/active_record/migration.rb:374:in `call'
  actionpack (4.2.1) lib/action_dispatch/middleware/callbacks.rb:29:in `block in call'
  activesupport (4.2.1) lib/active_support/callbacks.rb:88:in `call'
  activesupport (4.2.1) lib/active_support/callbacks.rb:88:in `_run_callbacks'
  activesupport (4.2.1) lib/active_support/callbacks.rb:776:in `_run_call_callbacks'
  activesupport (4.2.1) lib/active_support/callbacks.rb:81:in `run_callbacks'
  actionpack (4.2.1) lib/action_dispatch/middleware/callbacks.rb:27:in `call'
  actionpack (4.2.1) lib/action_dispatch/middleware/reloader.rb:73:in `call'
  actionpack (4.2.1) lib/action_dispatch/middleware/remote_ip.rb:78:in `call'
  actionpack (4.2.1) lib/action_dispatch/middleware/debug_exceptions.rb:17:in `call'
  actionpack (4.2.1) lib/action_dispatch/middleware/show_exceptions.rb:30:in `call'
  railties (4.2.1) lib/rails/rack/logger.rb:38:in `call_app'
  railties (4.2.1) lib/rails/rack/logger.rb:20:in `block in call'
  activesupport (4.2.1) lib/active_support/tagged_logging.rb:68:in `block in tagged'
  activesupport (4.2.1) lib/active_support/tagged_logging.rb:26:in `tagged'
  activesupport (4.2.1) lib/active_support/tagged_logging.rb:68:in `tagged'
  railties (4.2.1) lib/rails/rack/logger.rb:20:in `call'
  actionpack (4.2.1) lib/action_dispatch/middleware/request_id.rb:21:in `call'
  /home/petricho/.gem/ruby/2.2.0/gems/rack-1.6.1/lib/rack/methodoverride.rb:22:in `call'
  /home/petricho/.gem/ruby/2.2.0/gems/rack-1.6.1/lib/rack/runtime.rb:18:in `call'
  activesupport (4.2.1) lib/active_support/cache/strategy/local_cache_middleware.rb:28:in `call'
  /home/petricho/.gem/ruby/2.2.0/gems/rack-1.6.1/lib/rack/lock.rb:17:in `call'
  actionpack (4.2.1) lib/action_dispatch/middleware/static.rb:113:in `call'
  /home/petricho/.gem/ruby/2.2.0/gems/rack-1.6.1/lib/rack/sendfile.rb:113:in `call'
  railties (4.2.1) lib/rails/engine.rb:518:in `call'
  railties (4.2.1) lib/rails/application.rb:164:in `call'
  /home/petricho/.gem/ruby/2.2.0/gems/unicorn-4.9.0/lib/unicorn/http_server.rb:580:in `process_client'
  /home/petricho/.gem/ruby/2.2.0/gems/unicorn-4.9.0/lib/unicorn/http_server.rb:674:in `worker_loop'
  /home/petricho/.gem/ruby/2.2.0/gems/unicorn-4.9.0/lib/unicorn/http_server.rb:529:in `spawn_missing_workers'
  /home/petricho/.gem/ruby/2.2.0/gems/unicorn-4.9.0/lib/unicorn/http_server.rb:140:in `start'
  /home/petricho/.gem/ruby/2.2.0/gems/unicorn-4.9.0/bin/unicorn_rails:209:in `<top (required)>'
  /home/petricho/.gem/ruby/2.2.0/bin/unicorn_rails:23:in `load'
  /home/petricho/.gem/ruby/2.2.0/bin/unicorn_rails:23:in `<main>'


  Rendered /home/petricho/.gem/gems/actionpack-4.2.1/lib/action_dispatch/middleware/templates/rescues/_source.erb (3.2ms)
  Rendered /home/petricho/.gem/gems/actionpack-4.2.1/lib/action_dispatch/middleware/templates/rescues/_trace.html.erb (1.9ms)
  Rendered /home/petricho/.gem/gems/actionpack-4.2.1/lib/action_dispatch/middleware/templates/rescues/_request_and_response.html.erb (1.1ms)
  Rendered /home/petricho/.gem/gems/actionpack-4.2.1/lib/action_dispatch/middleware/templates/rescues/diagnostics.html.erb within rescues/layout (25.3ms)


Started GET "/" for 134.3.143.23 at 2015-05-24 13:07:57 +0200

ActiveRecord::PendingMigrationError (

Migrations are pending. To resolve this issue, run:

	bin/rake db:migrate RAILS_ENV=development

):
  activerecord (4.2.1) lib/active_record/migration.rb:393:in `check_pending!'
  activerecord (4.2.1) lib/active_record/migration.rb:374:in `call'
  actionpack (4.2.1) lib/action_dispatch/middleware/callbacks.rb:29:in `block in call'
  activesupport (4.2.1) lib/active_support/callbacks.rb:88:in `call'
  activesupport (4.2.1) lib/active_support/callbacks.rb:88:in `_run_callbacks'
  activesupport (4.2.1) lib/active_support/callbacks.rb:776:in `_run_call_callbacks'
  activesupport (4.2.1) lib/active_support/callbacks.rb:81:in `run_callbacks'
  actionpack (4.2.1) lib/action_dispatch/middleware/callbacks.rb:27:in `call'
  actionpack (4.2.1) lib/action_dispatch/middleware/reloader.rb:73:in `call'
  actionpack (4.2.1) lib/action_dispatch/middleware/remote_ip.rb:78:in `call'
  actionpack (4.2.1) lib/action_dispatch/middleware/debug_exceptions.rb:17:in `call'
  actionpack (4.2.1) lib/action_dispatch/middleware/show_exceptions.rb:30:in `call'
  railties (4.2.1) lib/rails/rack/logger.rb:38:in `call_app'
  railties (4.2.1) lib/rails/rack/logger.rb:20:in `block in call'
  activesupport (4.2.1) lib/active_support/tagged_logging.rb:68:in `block in tagged'
  activesupport (4.2.1) lib/active_support/tagged_logging.rb:26:in `tagged'
  activesupport (4.2.1) lib/active_support/tagged_logging.rb:68:in `tagged'
  railties (4.2.1) lib/rails/rack/logger.rb:20:in `call'
  actionpack (4.2.1) lib/action_dispatch/middleware/request_id.rb:21:in `call'
  /home/petricho/.gem/ruby/2.2.0/gems/rack-1.6.1/lib/rack/methodoverride.rb:22:in `call'
  /home/petricho/.gem/ruby/2.2.0/gems/rack-1.6.1/lib/rack/runtime.rb:18:in `call'
  activesupport (4.2.1) lib/active_support/cache/strategy/local_cache_middleware.rb:28:in `call'
  /home/petricho/.gem/ruby/2.2.0/gems/rack-1.6.1/lib/rack/lock.rb:17:in `call'
  actionpack (4.2.1) lib/action_dispatch/middleware/static.rb:113:in `call'
  /home/petricho/.gem/ruby/2.2.0/gems/rack-1.6.1/lib/rack/sendfile.rb:113:in `call'
  railties (4.2.1) lib/rails/engine.rb:518:in `call'
  railties (4.2.1) lib/rails/application.rb:164:in `call'
  /home/petricho/.gem/ruby/2.2.0/gems/unicorn-4.9.0/lib/unicorn/http_server.rb:580:in `process_client'
  /home/petricho/.gem/ruby/2.2.0/gems/unicorn-4.9.0/lib/unicorn/http_server.rb:674:in `worker_loop'
  /home/petricho/.gem/ruby/2.2.0/gems/unicorn-4.9.0/lib/unicorn/http_server.rb:529:in `spawn_missing_workers'
  /home/petricho/.gem/ruby/2.2.0/gems/unicorn-4.9.0/lib/unicorn/http_server.rb:140:in `start'
  /home/petricho/.gem/ruby/2.2.0/gems/unicorn-4.9.0/bin/unicorn_rails:209:in `<top (required)>'
  /home/petricho/.gem/ruby/2.2.0/bin/unicorn_rails:23:in `load'
  /home/petricho/.gem/ruby/2.2.0/bin/unicorn_rails:23:in `<main>'


  Rendered /home/petricho/.gem/gems/actionpack-4.2.1/lib/action_dispatch/middleware/templates/rescues/_source.erb (3.2ms)
  Rendered /home/petricho/.gem/gems/actionpack-4.2.1/lib/action_dispatch/middleware/templates/rescues/_trace.html.erb (2.5ms)
  Rendered /home/petricho/.gem/gems/actionpack-4.2.1/lib/action_dispatch/middleware/templates/rescues/_request_and_response.html.erb (1.1ms)
  Rendered /home/petricho/.gem/gems/actionpack-4.2.1/lib/action_dispatch/middleware/templates/rescues/diagnostics.html.erb within rescues/layout (24.5ms)


Started GET "/" for 134.3.143.23 at 2015-05-24 13:07:58 +0200

ActiveRecord::PendingMigrationError (

Migrations are pending. To resolve this issue, run:

	bin/rake db:migrate RAILS_ENV=development

):
  activerecord (4.2.1) lib/active_record/migration.rb:393:in `check_pending!'
  activerecord (4.2.1) lib/active_record/migration.rb:374:in `call'
  actionpack (4.2.1) lib/action_dispatch/middleware/callbacks.rb:29:in `block in call'
  activesupport (4.2.1) lib/active_support/callbacks.rb:88:in `call'
  activesupport (4.2.1) lib/active_support/callbacks.rb:88:in `_run_callbacks'
  activesupport (4.2.1) lib/active_support/callbacks.rb:776:in `_run_call_callbacks'
  activesupport (4.2.1) lib/active_support/callbacks.rb:81:in `run_callbacks'
  actionpack (4.2.1) lib/action_dispatch/middleware/callbacks.rb:27:in `call'
  actionpack (4.2.1) lib/action_dispatch/middleware/reloader.rb:73:in `call'
  actionpack (4.2.1) lib/action_dispatch/middleware/remote_ip.rb:78:in `call'
  actionpack (4.2.1) lib/action_dispatch/middleware/debug_exceptions.rb:17:in `call'
  actionpack (4.2.1) lib/action_dispatch/middleware/show_exceptions.rb:30:in `call'
  railties (4.2.1) lib/rails/rack/logger.rb:38:in `call_app'
  railties (4.2.1) lib/rails/rack/logger.rb:20:in `block in call'
  activesupport (4.2.1) lib/active_support/tagged_logging.rb:68:in `block in tagged'
  activesupport (4.2.1) lib/active_support/tagged_logging.rb:26:in `tagged'
  activesupport (4.2.1) lib/active_support/tagged_logging.rb:68:in `tagged'
  railties (4.2.1) lib/rails/rack/logger.rb:20:in `call'
  actionpack (4.2.1) lib/action_dispatch/middleware/request_id.rb:21:in `call'
  /home/petricho/.gem/ruby/2.2.0/gems/rack-1.6.1/lib/rack/methodoverride.rb:22:in `call'
  /home/petricho/.gem/ruby/2.2.0/gems/rack-1.6.1/lib/rack/runtime.rb:18:in `call'
  activesupport (4.2.1) lib/active_support/cache/strategy/local_cache_middleware.rb:28:in `call'
  /home/petricho/.gem/ruby/2.2.0/gems/rack-1.6.1/lib/rack/lock.rb:17:in `call'
  actionpack (4.2.1) lib/action_dispatch/middleware/static.rb:113:in `call'
  /home/petricho/.gem/ruby/2.2.0/gems/rack-1.6.1/lib/rack/sendfile.rb:113:in `call'
  railties (4.2.1) lib/rails/engine.rb:518:in `call'
  railties (4.2.1) lib/rails/application.rb:164:in `call'
  /home/petricho/.gem/ruby/2.2.0/gems/unicorn-4.9.0/lib/unicorn/http_server.rb:580:in `process_client'
  /home/petricho/.gem/ruby/2.2.0/gems/unicorn-4.9.0/lib/unicorn/http_server.rb:674:in `worker_loop'
  /home/petricho/.gem/ruby/2.2.0/gems/unicorn-4.9.0/lib/unicorn/http_server.rb:529:in `spawn_missing_workers'
  /home/petricho/.gem/ruby/2.2.0/gems/unicorn-4.9.0/lib/unicorn/http_server.rb:140:in `start'
  /home/petricho/.gem/ruby/2.2.0/gems/unicorn-4.9.0/bin/unicorn_rails:209:in `<top (required)>'
  /home/petricho/.gem/ruby/2.2.0/bin/unicorn_rails:23:in `load'
  /home/petricho/.gem/ruby/2.2.0/bin/unicorn_rails:23:in `<main>'


  Rendered /home/petricho/.gem/gems/actionpack-4.2.1/lib/action_dispatch/middleware/templates/rescues/_source.erb (3.2ms)
  Rendered /home/petricho/.gem/gems/actionpack-4.2.1/lib/action_dispatch/middleware/templates/rescues/_trace.html.erb (2.0ms)
  Rendered /home/petricho/.gem/gems/actionpack-4.2.1/lib/action_dispatch/middleware/templates/rescues/_request_and_response.html.erb (1.1ms)
  Rendered /home/petricho/.gem/gems/actionpack-4.2.1/lib/action_dispatch/middleware/templates/rescues/diagnostics.html.erb within rescues/layout (23.2ms)


Started GET "/" for 134.3.143.23 at 2015-05-24 13:08:00 +0200

ActiveRecord::PendingMigrationError (

Migrations are pending. To resolve this issue, run:

	bin/rake db:migrate RAILS_ENV=development

):
  activerecord (4.2.1) lib/active_record/migration.rb:393:in `check_pending!'
  activerecord (4.2.1) lib/active_record/migration.rb:374:in `call'
  actionpack (4.2.1) lib/action_dispatch/middleware/callbacks.rb:29:in `block in call'
  activesupport (4.2.1) lib/active_support/callbacks.rb:88:in `call'
  activesupport (4.2.1) lib/active_support/callbacks.rb:88:in `_run_callbacks'
  activesupport (4.2.1) lib/active_support/callbacks.rb:776:in `_run_call_callbacks'
  activesupport (4.2.1) lib/active_support/callbacks.rb:81:in `run_callbacks'
  actionpack (4.2.1) lib/action_dispatch/middleware/callbacks.rb:27:in `call'
  actionpack (4.2.1) lib/action_dispatch/middleware/reloader.rb:73:in `call'
  actionpack (4.2.1) lib/action_dispatch/middleware/remote_ip.rb:78:in `call'
  actionpack (4.2.1) lib/action_dispatch/middleware/debug_exceptions.rb:17:in `call'
  actionpack (4.2.1) lib/action_dispatch/middleware/show_exceptions.rb:30:in `call'
  railties (4.2.1) lib/rails/rack/logger.rb:38:in `call_app'
  railties (4.2.1) lib/rails/rack/logger.rb:20:in `block in call'
  activesupport (4.2.1) lib/active_support/tagged_logging.rb:68:in `block in tagged'
  activesupport (4.2.1) lib/active_support/tagged_logging.rb:26:in `tagged'
  activesupport (4.2.1) lib/active_support/tagged_logging.rb:68:in `tagged'
  railties (4.2.1) lib/rails/rack/logger.rb:20:in `call'
  actionpack (4.2.1) lib/action_dispatch/middleware/request_id.rb:21:in `call'
  /home/petricho/.gem/ruby/2.2.0/gems/rack-1.6.1/lib/rack/methodoverride.rb:22:in `call'
  /home/petricho/.gem/ruby/2.2.0/gems/rack-1.6.1/lib/rack/runtime.rb:18:in `call'
  activesupport (4.2.1) lib/active_support/cache/strategy/local_cache_middleware.rb:28:in `call'
  /home/petricho/.gem/ruby/2.2.0/gems/rack-1.6.1/lib/rack/lock.rb:17:in `call'
  actionpack (4.2.1) lib/action_dispatch/middleware/static.rb:113:in `call'
  /home/petricho/.gem/ruby/2.2.0/gems/rack-1.6.1/lib/rack/sendfile.rb:113:in `call'
  railties (4.2.1) lib/rails/engine.rb:518:in `call'
  railties (4.2.1) lib/rails/application.rb:164:in `call'
  /home/petricho/.gem/ruby/2.2.0/gems/unicorn-4.9.0/lib/unicorn/http_server.rb:580:in `process_client'
  /home/petricho/.gem/ruby/2.2.0/gems/unicorn-4.9.0/lib/unicorn/http_server.rb:674:in `worker_loop'
  /home/petricho/.gem/ruby/2.2.0/gems/unicorn-4.9.0/lib/unicorn/http_server.rb:529:in `spawn_missing_workers'
  /home/petricho/.gem/ruby/2.2.0/gems/unicorn-4.9.0/lib/unicorn/http_server.rb:140:in `start'
  /home/petricho/.gem/ruby/2.2.0/gems/unicorn-4.9.0/bin/unicorn_rails:209:in `<top (required)>'
  /home/petricho/.gem/ruby/2.2.0/bin/unicorn_rails:23:in `load'
  /home/petricho/.gem/ruby/2.2.0/bin/unicorn_rails:23:in `<main>'


  Rendered /home/petricho/.gem/gems/actionpack-4.2.1/lib/action_dispatch/middleware/templates/rescues/_source.erb (3.3ms)
  Rendered /home/petricho/.gem/gems/actionpack-4.2.1/lib/action_dispatch/middleware/templates/rescues/_trace.html.erb (3.7ms)
  Rendered /home/petricho/.gem/gems/actionpack-4.2.1/lib/action_dispatch/middleware/templates/rescues/_request_and_response.html.erb (1.2ms)
  Rendered /home/petricho/.gem/gems/actionpack-4.2.1/lib/action_dispatch/middleware/templates/rescues/diagnostics.html.erb within rescues/layout (27.2ms)


Started GET "/" for 134.3.143.23 at 2015-05-24 13:08:01 +0200

ActiveRecord::PendingMigrationError (

Migrations are pending. To resolve this issue, run:

	bin/rake db:migrate RAILS_ENV=development

):
  activerecord (4.2.1) lib/active_record/migration.rb:393:in `check_pending!'
  activerecord (4.2.1) lib/active_record/migration.rb:374:in `call'
  actionpack (4.2.1) lib/action_dispatch/middleware/callbacks.rb:29:in `block in call'
  activesupport (4.2.1) lib/active_support/callbacks.rb:88:in `call'
  activesupport (4.2.1) lib/active_support/callbacks.rb:88:in `_run_callbacks'
  activesupport (4.2.1) lib/active_support/callbacks.rb:776:in `_run_call_callbacks'
  activesupport (4.2.1) lib/active_support/callbacks.rb:81:in `run_callbacks'
  actionpack (4.2.1) lib/action_dispatch/middleware/callbacks.rb:27:in `call'
  actionpack (4.2.1) lib/action_dispatch/middleware/reloader.rb:73:in `call'
  actionpack (4.2.1) lib/action_dispatch/middleware/remote_ip.rb:78:in `call'
  actionpack (4.2.1) lib/action_dispatch/middleware/debug_exceptions.rb:17:in `call'
  actionpack (4.2.1) lib/action_dispatch/middleware/show_exceptions.rb:30:in `call'
  railties (4.2.1) lib/rails/rack/logger.rb:38:in `call_app'
  railties (4.2.1) lib/rails/rack/logger.rb:20:in `block in call'
  activesupport (4.2.1) lib/active_support/tagged_logging.rb:68:in `block in tagged'
  activesupport (4.2.1) lib/active_support/tagged_logging.rb:26:in `tagged'
  activesupport (4.2.1) lib/active_support/tagged_logging.rb:68:in `tagged'
  railties (4.2.1) lib/rails/rack/logger.rb:20:in `call'
  actionpack (4.2.1) lib/action_dispatch/middleware/request_id.rb:21:in `call'
  /home/petricho/.gem/ruby/2.2.0/gems/rack-1.6.1/lib/rack/methodoverride.rb:22:in `call'
  /home/petricho/.gem/ruby/2.2.0/gems/rack-1.6.1/lib/rack/runtime.rb:18:in `call'
  activesupport (4.2.1) lib/active_support/cache/strategy/local_cache_middleware.rb:28:in `call'
  /home/petricho/.gem/ruby/2.2.0/gems/rack-1.6.1/lib/rack/lock.rb:17:in `call'
  actionpack (4.2.1) lib/action_dispatch/middleware/static.rb:113:in `call'
  /home/petricho/.gem/ruby/2.2.0/gems/rack-1.6.1/lib/rack/sendfile.rb:113:in `call'
  railties (4.2.1) lib/rails/engine.rb:518:in `call'
  railties (4.2.1) lib/rails/application.rb:164:in `call'
  /home/petricho/.gem/ruby/2.2.0/gems/unicorn-4.9.0/lib/unicorn/http_server.rb:580:in `process_client'
  /home/petricho/.gem/ruby/2.2.0/gems/unicorn-4.9.0/lib/unicorn/http_server.rb:674:in `worker_loop'
  /home/petricho/.gem/ruby/2.2.0/gems/unicorn-4.9.0/lib/unicorn/http_server.rb:529:in `spawn_missing_workers'
  /home/petricho/.gem/ruby/2.2.0/gems/unicorn-4.9.0/lib/unicorn/http_server.rb:140:in `start'
  /home/petricho/.gem/ruby/2.2.0/gems/unicorn-4.9.0/bin/unicorn_rails:209:in `<top (required)>'
  /home/petricho/.gem/ruby/2.2.0/bin/unicorn_rails:23:in `load'
  /home/petricho/.gem/ruby/2.2.0/bin/unicorn_rails:23:in `<main>'


  Rendered /home/petricho/.gem/gems/actionpack-4.2.1/lib/action_dispatch/middleware/templates/rescues/_source.erb (3.6ms)
  Rendered /home/petricho/.gem/gems/actionpack-4.2.1/lib/action_dispatch/middleware/templates/rescues/_trace.html.erb (2.4ms)
  Rendered /home/petricho/.gem/gems/actionpack-4.2.1/lib/action_dispatch/middleware/templates/rescues/_request_and_response.html.erb (1.3ms)
  Rendered /home/petricho/.gem/gems/actionpack-4.2.1/lib/action_dispatch/middleware/templates/rescues/diagnostics.html.erb within rescues/layout (25.2ms)


Started GET "/" for 134.3.143.23 at 2015-05-24 13:08:03 +0200

ActiveRecord::PendingMigrationError (

Migrations are pending. To resolve this issue, run:

	bin/rake db:migrate RAILS_ENV=development

):
  activerecord (4.2.1) lib/active_record/migration.rb:393:in `check_pending!'
  activerecord (4.2.1) lib/active_record/migration.rb:374:in `call'
  actionpack (4.2.1) lib/action_dispatch/middleware/callbacks.rb:29:in `block in call'
  activesupport (4.2.1) lib/active_support/callbacks.rb:88:in `call'
  activesupport (4.2.1) lib/active_support/callbacks.rb:88:in `_run_callbacks'
  activesupport (4.2.1) lib/active_support/callbacks.rb:776:in `_run_call_callbacks'
  activesupport (4.2.1) lib/active_support/callbacks.rb:81:in `run_callbacks'
  actionpack (4.2.1) lib/action_dispatch/middleware/callbacks.rb:27:in `call'
  actionpack (4.2.1) lib/action_dispatch/middleware/reloader.rb:73:in `call'
  actionpack (4.2.1) lib/action_dispatch/middleware/remote_ip.rb:78:in `call'
  actionpack (4.2.1) lib/action_dispatch/middleware/debug_exceptions.rb:17:in `call'
  actionpack (4.2.1) lib/action_dispatch/middleware/show_exceptions.rb:30:in `call'
  railties (4.2.1) lib/rails/rack/logger.rb:38:in `call_app'
  railties (4.2.1) lib/rails/rack/logger.rb:20:in `block in call'
  activesupport (4.2.1) lib/active_support/tagged_logging.rb:68:in `block in tagged'
  activesupport (4.2.1) lib/active_support/tagged_logging.rb:26:in `tagged'
  activesupport (4.2.1) lib/active_support/tagged_logging.rb:68:in `tagged'
  railties (4.2.1) lib/rails/rack/logger.rb:20:in `call'
  actionpack (4.2.1) lib/action_dispatch/middleware/request_id.rb:21:in `call'
  /home/petricho/.gem/ruby/2.2.0/gems/rack-1.6.1/lib/rack/methodoverride.rb:22:in `call'
  /home/petricho/.gem/ruby/2.2.0/gems/rack-1.6.1/lib/rack/runtime.rb:18:in `call'
  activesupport (4.2.1) lib/active_support/cache/strategy/local_cache_middleware.rb:28:in `call'
  /home/petricho/.gem/ruby/2.2.0/gems/rack-1.6.1/lib/rack/lock.rb:17:in `call'
  actionpack (4.2.1) lib/action_dispatch/middleware/static.rb:113:in `call'
  /home/petricho/.gem/ruby/2.2.0/gems/rack-1.6.1/lib/rack/sendfile.rb:113:in `call'
  railties (4.2.1) lib/rails/engine.rb:518:in `call'
  railties (4.2.1) lib/rails/application.rb:164:in `call'
  /home/petricho/.gem/ruby/2.2.0/gems/unicorn-4.9.0/lib/unicorn/http_server.rb:580:in `process_client'
  /home/petricho/.gem/ruby/2.2.0/gems/unicorn-4.9.0/lib/unicorn/http_server.rb:674:in `worker_loop'
  /home/petricho/.gem/ruby/2.2.0/gems/unicorn-4.9.0/lib/unicorn/http_server.rb:529:in `spawn_missing_workers'
  /home/petricho/.gem/ruby/2.2.0/gems/unicorn-4.9.0/lib/unicorn/http_server.rb:140:in `start'
  /home/petricho/.gem/ruby/2.2.0/gems/unicorn-4.9.0/bin/unicorn_rails:209:in `<top (required)>'
  /home/petricho/.gem/ruby/2.2.0/bin/unicorn_rails:23:in `load'
  /home/petricho/.gem/ruby/2.2.0/bin/unicorn_rails:23:in `<main>'


  Rendered /home/petricho/.gem/gems/actionpack-4.2.1/lib/action_dispatch/middleware/templates/rescues/_source.erb (3.6ms)
  Rendered /home/petricho/.gem/gems/actionpack-4.2.1/lib/action_dispatch/middleware/templates/rescues/_trace.html.erb (2.2ms)
  Rendered /home/petricho/.gem/gems/actionpack-4.2.1/lib/action_dispatch/middleware/templates/rescues/_request_and_response.html.erb (1.1ms)
  Rendered /home/petricho/.gem/gems/actionpack-4.2.1/lib/action_dispatch/middleware/templates/rescues/diagnostics.html.erb within rescues/layout (25.2ms)


Started GET "/" for 134.3.143.23 at 2015-05-24 13:08:04 +0200

ActiveRecord::PendingMigrationError (

Migrations are pending. To resolve this issue, run:

	bin/rake db:migrate RAILS_ENV=development

):
  activerecord (4.2.1) lib/active_record/migration.rb:393:in `check_pending!'
  activerecord (4.2.1) lib/active_record/migration.rb:374:in `call'
  actionpack (4.2.1) lib/action_dispatch/middleware/callbacks.rb:29:in `block in call'
  activesupport (4.2.1) lib/active_support/callbacks.rb:88:in `call'
  activesupport (4.2.1) lib/active_support/callbacks.rb:88:in `_run_callbacks'
  activesupport (4.2.1) lib/active_support/callbacks.rb:776:in `_run_call_callbacks'
  activesupport (4.2.1) lib/active_support/callbacks.rb:81:in `run_callbacks'
  actionpack (4.2.1) lib/action_dispatch/middleware/callbacks.rb:27:in `call'
  actionpack (4.2.1) lib/action_dispatch/middleware/reloader.rb:73:in `call'
  actionpack (4.2.1) lib/action_dispatch/middleware/remote_ip.rb:78:in `call'
  actionpack (4.2.1) lib/action_dispatch/middleware/debug_exceptions.rb:17:in `call'
  actionpack (4.2.1) lib/action_dispatch/middleware/show_exceptions.rb:30:in `call'
  railties (4.2.1) lib/rails/rack/logger.rb:38:in `call_app'
  railties (4.2.1) lib/rails/rack/logger.rb:20:in `block in call'
  activesupport (4.2.1) lib/active_support/tagged_logging.rb:68:in `block in tagged'
  activesupport (4.2.1) lib/active_support/tagged_logging.rb:26:in `tagged'
  activesupport (4.2.1) lib/active_support/tagged_logging.rb:68:in `tagged'
  railties (4.2.1) lib/rails/rack/logger.rb:20:in `call'
  actionpack (4.2.1) lib/action_dispatch/middleware/request_id.rb:21:in `call'
  /home/petricho/.gem/ruby/2.2.0/gems/rack-1.6.1/lib/rack/methodoverride.rb:22:in `call'
  /home/petricho/.gem/ruby/2.2.0/gems/rack-1.6.1/lib/rack/runtime.rb:18:in `call'
  activesupport (4.2.1) lib/active_support/cache/strategy/local_cache_middleware.rb:28:in `call'
  /home/petricho/.gem/ruby/2.2.0/gems/rack-1.6.1/lib/rack/lock.rb:17:in `call'
  actionpack (4.2.1) lib/action_dispatch/middleware/static.rb:113:in `call'
  /home/petricho/.gem/ruby/2.2.0/gems/rack-1.6.1/lib/rack/sendfile.rb:113:in `call'
  railties (4.2.1) lib/rails/engine.rb:518:in `call'
  railties (4.2.1) lib/rails/application.rb:164:in `call'
  /home/petricho/.gem/ruby/2.2.0/gems/unicorn-4.9.0/lib/unicorn/http_server.rb:580:in `process_client'
  /home/petricho/.gem/ruby/2.2.0/gems/unicorn-4.9.0/lib/unicorn/http_server.rb:674:in `worker_loop'
  /home/petricho/.gem/ruby/2.2.0/gems/unicorn-4.9.0/lib/unicorn/http_server.rb:529:in `spawn_missing_workers'
  /home/petricho/.gem/ruby/2.2.0/gems/unicorn-4.9.0/lib/unicorn/http_server.rb:140:in `start'
  /home/petricho/.gem/ruby/2.2.0/gems/unicorn-4.9.0/bin/unicorn_rails:209:in `<top (required)>'
  /home/petricho/.gem/ruby/2.2.0/bin/unicorn_rails:23:in `load'
  /home/petricho/.gem/ruby/2.2.0/bin/unicorn_rails:23:in `<main>'


  Rendered /home/petricho/.gem/gems/actionpack-4.2.1/lib/action_dispatch/middleware/templates/rescues/_source.erb (3.1ms)
  Rendered /home/petricho/.gem/gems/actionpack-4.2.1/lib/action_dispatch/middleware/templates/rescues/_trace.html.erb (1.9ms)
  Rendered /home/petricho/.gem/gems/actionpack-4.2.1/lib/action_dispatch/middleware/templates/rescues/_request_and_response.html.erb (1.1ms)
  Rendered /home/petricho/.gem/gems/actionpack-4.2.1/lib/action_dispatch/middleware/templates/rescues/diagnostics.html.erb within rescues/layout (23.1ms)
  [1m[36m (8.1ms)[0m  [1mCREATE TABLE "schema_migrations" ("version" varchar NOT NULL) [0m
  [1m[35m (12.1ms)[0m  select sqlite_version(*)
  [1m[36m (4.5ms)[0m  [1mCREATE UNIQUE INDEX "unique_schema_migrations" ON "schema_migrations" ("version")[0m
  [1m[35mActiveRecord::SchemaMigration Load (0.1ms)[0m  SELECT "schema_migrations".* FROM "schema_migrations"
Migrating to SetupDatabase (20141109203817)
  [1m[36m (0.2ms)[0m  [1mbegin transaction[0m
DEPRECATION WARNING: `#timestamp` was called without specifying an option for `null`. In Rails 5, this behavior will change to `null: false`. You should manually specify `null: true` to prevent the behavior of your existing migrations from changing. (called from block in change at /home/petricho/Karte_von_morgen_Rails/db/migrate/20141109203817_setup_database.rb:16)
  [1m[35m (0.6ms)[0m  CREATE TABLE "entries" ("id" INTEGER PRIMARY KEY AUTOINCREMENT NOT NULL, "name" varchar, "description" varchar, "city" varchar, "zip" varchar, "street" varchar, "phone" varchar, "email" varchar, "url" varchar, "position" varchar, "openingHours" varchar, "created_at" datetime, "updated_at" datetime) 
DEPRECATION WARNING: `#timestamp` was called without specifying an option for `null`. In Rails 5, this behavior will change to `null: false`. You should manually specify `null: true` to prevent the behavior of your existing migrations from changing. (called from block in change at /home/petricho/Karte_von_morgen_Rails/db/migrate/20141109203817_setup_database.rb:23)
  [1m[36m (0.2ms)[0m  [1mCREATE TABLE "categories" ("id" INTEGER PRIMARY KEY AUTOINCREMENT NOT NULL, "parent_id" integer, "name" varchar, "created_at" datetime, "updated_at" datetime) [0m
  [1m[35m (0.2ms)[0m  CREATE  INDEX "index_categories_on_parent_id" ON "categories" ("parent_id")
DEPRECATION WARNING: `#timestamp` was called without specifying an option for `null`. In Rails 5, this behavior will change to `null: false`. You should manually specify `null: true` to prevent the behavior of your existing migrations from changing. (called from block in change at /home/petricho/Karte_von_morgen_Rails/db/migrate/20141109203817_setup_database.rb:30)
  [1m[36m (0.2ms)[0m  [1mCREATE TABLE "has_categories" ("entry_id" integer, "category_id" integer, "created_at" datetime, "updated_at" datetime) [0m
  [1m[35m (0.2ms)[0m  CREATE  INDEX "index_has_categories_on_entry_id" ON "has_categories" ("entry_id")
  [1m[36m (0.1ms)[0m  [1m            SELECT sql
            FROM sqlite_master
            WHERE name='index_has_categories_on_entry_id' AND type='index'
            UNION ALL
            SELECT sql
            FROM sqlite_temp_master
            WHERE name='index_has_categories_on_entry_id' AND type='index'
[0m
  [1m[35m (0.2ms)[0m  CREATE  INDEX "index_has_categories_on_category_id" ON "has_categories" ("category_id")
  [1m[36mSQL (0.4ms)[0m  [1mINSERT INTO "schema_migrations" ("version") VALUES (?)[0m  [["version", "20141109203817"]]
  [1m[35m (5.1ms)[0m  commit transaction
  [1m[36mActiveRecord::SchemaMigration Load (0.2ms)[0m  [1mSELECT "schema_migrations".* FROM "schema_migrations"[0m
  [1m[35m (0.3ms)[0m              SELECT sql
            FROM sqlite_master
            WHERE name='index_categories_on_parent_id' AND type='index'
            UNION ALL
            SELECT sql
            FROM sqlite_temp_master
            WHERE name='index_categories_on_parent_id' AND type='index'

  [1m[36m (0.2ms)[0m  [1m            SELECT sql
            FROM sqlite_master
            WHERE name='index_has_categories_on_category_id' AND type='index'
            UNION ALL
            SELECT sql
            FROM sqlite_temp_master
            WHERE name='index_has_categories_on_category_id' AND type='index'
[0m
  [1m[35m (0.2ms)[0m              SELECT sql
            FROM sqlite_master
            WHERE name='index_has_categories_on_entry_id' AND type='index'
            UNION ALL
            SELECT sql
            FROM sqlite_temp_master
            WHERE name='index_has_categories_on_entry_id' AND type='index'

  [1m[36mActiveRecord::SchemaMigration Load (0.2ms)[0m  [1mSELECT "schema_migrations".* FROM "schema_migrations"[0m
  [1m[36mActiveRecord::SchemaMigration Load (0.1ms)[0m  [1mSELECT "schema_migrations".* FROM "schema_migrations"[0m
  [1m[35m (0.2ms)[0m  begin transaction
  [1m[36mSQL (1.4ms)[0m  [1mINSERT INTO "categories" ("name", "created_at", "updated_at") VALUES (?, ?, ?)[0m  [["name", "Unternehmen"], ["created_at", "2015-05-24 17:36:34.384448"], ["updated_at", "2015-05-24 17:36:34.384448"]]
  [1m[35m (3.8ms)[0m  commit transaction
  [1m[36m (0.1ms)[0m  [1mbegin transaction[0m
  [1m[35mSQL (0.4ms)[0m  INSERT INTO "categories" ("name", "created_at", "updated_at") VALUES (?, ?, ?)  [["name", "Event"], ["created_at", "2015-05-24 17:36:34.401191"], ["updated_at", "2015-05-24 17:36:34.401191"]]
  [1m[36m (4.1ms)[0m  [1mcommit transaction[0m
  [1m[35m (0.1ms)[0m  begin transaction
  [1m[36mSQL (0.4ms)[0m  [1mINSERT INTO "categories" ("name", "created_at", "updated_at") VALUES (?, ?, ?)[0m  [["name", "Initiative"], ["created_at", "2015-05-24 17:36:34.409096"], ["updated_at", "2015-05-24 17:36:34.409096"]]
  [1m[35m (2.7ms)[0m  commit transaction
  [1m[36m (0.1ms)[0m  [1mbegin transaction[0m
  [1m[35mSQL (0.6ms)[0m  INSERT INTO "categories" ("name", "parent_id", "created_at", "updated_at") VALUES (?, ?, ?, ?)  [["name", "sozial"], ["parent_id", 1], ["created_at", "2015-05-24 17:36:34.434978"], ["updated_at", "2015-05-24 17:36:34.434978"]]
  [1m[36m (3.8ms)[0m  [1mcommit transaction[0m
  [1m[35m (0.1ms)[0m  begin transaction
  [1m[36mSQL (0.4ms)[0m  [1mINSERT INTO "categories" ("name", "parent_id", "created_at", "updated_at") VALUES (?, ?, ?, ?)[0m  [["name", "bio"], ["parent_id", 1], ["created_at", "2015-05-24 17:36:34.443653"], ["updated_at", "2015-05-24 17:36:34.443653"]]
  [1m[35m (2.9ms)[0m  commit transaction
  [1m[36m (0.1ms)[0m  [1mbegin transaction[0m
  [1m[35mSQL (0.3ms)[0m  INSERT INTO "categories" ("name", "parent_id", "created_at", "updated_at") VALUES (?, ?, ?, ?)  [["name", "fair"], ["parent_id", 1], ["created_at", "2015-05-24 17:36:34.449722"], ["updated_at", "2015-05-24 17:36:34.449722"]]
  [1m[36m (3.6ms)[0m  [1mcommit transaction[0m
  [1m[36mActiveRecord::SchemaMigration Load (0.1ms)[0m  [1mSELECT "schema_migrations".* FROM "schema_migrations"[0m
  [1m[35m (0.1ms)[0m  begin transaction
  [1m[36mSQL (0.7ms)[0m  [1mINSERT INTO "categories" ("name", "created_at", "updated_at") VALUES (?, ?, ?)[0m  [["name", "Unternehmen"], ["created_at", "2015-05-24 17:37:18.883741"], ["updated_at", "2015-05-24 17:37:18.883741"]]
  [1m[35m (7.0ms)[0m  commit transaction
  [1m[36m (0.2ms)[0m  [1mbegin transaction[0m
  [1m[35mSQL (0.6ms)[0m  INSERT INTO "categories" ("name", "created_at", "updated_at") VALUES (?, ?, ?)  [["name", "Event"], ["created_at", "2015-05-24 17:37:18.897788"], ["updated_at", "2015-05-24 17:37:18.897788"]]
  [1m[36m (4.9ms)[0m  [1mcommit transaction[0m
  [1m[35m (0.1ms)[0m  begin transaction
  [1m[36mSQL (0.5ms)[0m  [1mINSERT INTO "categories" ("name", "created_at", "updated_at") VALUES (?, ?, ?)[0m  [["name", "Initiative"], ["created_at", "2015-05-24 17:37:18.907516"], ["updated_at", "2015-05-24 17:37:18.907516"]]
  [1m[35m (4.8ms)[0m  commit transaction
  [1m[36m (0.1ms)[0m  [1mbegin transaction[0m
  [1m[35mSQL (0.4ms)[0m  INSERT INTO "categories" ("name", "parent_id", "created_at", "updated_at") VALUES (?, ?, ?, ?)  [["name", "sozial"], ["parent_id", 7], ["created_at", "2015-05-24 17:37:18.926809"], ["updated_at", "2015-05-24 17:37:18.926809"]]
  [1m[36m (3.8ms)[0m  [1mcommit transaction[0m
  [1m[35m (0.1ms)[0m  begin transaction
  [1m[36mSQL (0.3ms)[0m  [1mINSERT INTO "categories" ("name", "parent_id", "created_at", "updated_at") VALUES (?, ?, ?, ?)[0m  [["name", "bio"], ["parent_id", 7], ["created_at", "2015-05-24 17:37:18.933456"], ["updated_at", "2015-05-24 17:37:18.933456"]]
  [1m[35m (6.5ms)[0m  commit transaction
  [1m[36m (0.4ms)[0m  [1mbegin transaction[0m
  [1m[35mSQL (0.8ms)[0m  INSERT INTO "categories" ("name", "parent_id", "created_at", "updated_at") VALUES (?, ?, ?, ?)  [["name", "fair"], ["parent_id", 7], ["created_at", "2015-05-24 17:37:18.946192"], ["updated_at", "2015-05-24 17:37:18.946192"]]
  [1m[36m (4.1ms)[0m  [1mcommit transaction[0m
  [1m[36mActiveRecord::SchemaMigration Load (0.1ms)[0m  [1mSELECT "schema_migrations".* FROM "schema_migrations"[0m
  [1m[35m (0.1ms)[0m  begin transaction
  [1m[36mSQL (0.9ms)[0m  [1mINSERT INTO "categories" ("name", "created_at", "updated_at") VALUES (?, ?, ?)[0m  [["name", "Unternehmen"], ["created_at", "2015-05-24 17:37:38.358571"], ["updated_at", "2015-05-24 17:37:38.358571"]]
  [1m[35m (6.1ms)[0m  commit transaction
  [1m[36m (0.2ms)[0m  [1mbegin transaction[0m
  [1m[35mSQL (0.6ms)[0m  INSERT INTO "categories" ("name", "created_at", "updated_at") VALUES (?, ?, ?)  [["name", "Event"], ["created_at", "2015-05-24 17:37:38.372289"], ["updated_at", "2015-05-24 17:37:38.372289"]]
  [1m[36m (4.3ms)[0m  [1mcommit transaction[0m
  [1m[35m (0.1ms)[0m  begin transaction
  [1m[36mSQL (0.6ms)[0m  [1mINSERT INTO "categories" ("name", "created_at", "updated_at") VALUES (?, ?, ?)[0m  [["name", "Initiative"], ["created_at", "2015-05-24 17:37:38.382614"], ["updated_at", "2015-05-24 17:37:38.382614"]]
  [1m[35m (4.9ms)[0m  commit transaction
  [1m[36m (0.2ms)[0m  [1mbegin transaction[0m
  [1m[35mSQL (0.4ms)[0m  INSERT INTO "categories" ("name", "parent_id", "created_at", "updated_at") VALUES (?, ?, ?, ?)  [["name", "sozial"], ["parent_id", 13], ["created_at", "2015-05-24 17:37:38.403945"], ["updated_at", "2015-05-24 17:37:38.403945"]]
  [1m[36m (3.4ms)[0m  [1mcommit transaction[0m
  [1m[35m (0.1ms)[0m  begin transaction
  [1m[36mSQL (0.2ms)[0m  [1mINSERT INTO "categories" ("name", "parent_id", "created_at", "updated_at") VALUES (?, ?, ?, ?)[0m  [["name", "bio"], ["parent_id", 13], ["created_at", "2015-05-24 17:37:38.410725"], ["updated_at", "2015-05-24 17:37:38.410725"]]
  [1m[35m (3.6ms)[0m  commit transaction
  [1m[36m (0.1ms)[0m  [1mbegin transaction[0m
  [1m[35mSQL (0.4ms)[0m  INSERT INTO "categories" ("name", "parent_id", "created_at", "updated_at") VALUES (?, ?, ?, ?)  [["name", "fair"], ["parent_id", 13], ["created_at", "2015-05-24 17:37:38.417444"], ["updated_at", "2015-05-24 17:37:38.417444"]]
  [1m[36m (4.1ms)[0m  [1mcommit transaction[0m
  [1m[35m (0.1ms)[0m  begin transaction
  [1m[36mSQL (0.5ms)[0m  [1mINSERT INTO "entries" ("name", "position", "city", "zip", "street", "phone", "url", "openingHours", "description", "created_at", "updated_at") VALUES (?, ?, ?, ?, ?, ?, ?, ?, ?, ?, ?)[0m  [["name", "Weltladen"], ["position", "49.632109,8.360786"], ["city", "Worms"], ["zip", "67549"], ["street", "Obermarkt 4"], ["phone", "06241 973837"], ["url", "http://www.weltladen.de/worms"], ["openingHours", "Mo-Fr 10:00-18:00; Sa 10:00-16:00; PH closed"], ["description", "Weltladen Worms"], ["created_at", "2015-05-24 17:37:38.518920"], ["updated_at", "2015-05-24 17:37:38.518920"]]
  [1m[35mSQL (0.2ms)[0m  INSERT INTO "has_categories" ("category_id", "entry_id", "created_at", "updated_at") VALUES (?, ?, ?, ?)  [["category_id", 18], ["entry_id", 1], ["created_at", "2015-05-24 17:37:38.521887"], ["updated_at", "2015-05-24 17:37:38.521887"]]
  [1m[36m (4.7ms)[0m  [1mcommit transaction[0m
  [1m[35m (0.1ms)[0m  begin transaction
  [1m[36mSQL (0.6ms)[0m  [1mINSERT INTO "entries" ("name", "position", "city", "zip", "street", "phone", "url", "openingHours", "description", "created_at", "updated_at") VALUES (?, ?, ?, ?, ?, ?, ?, ?, ?, ?, ?)[0m  [["name", "denn's"], ["position", "49.62711,8.36255"], ["city", "Worms"], ["zip", "67547"], ["street", "Schönauer Straße 16"], ["phone", "06241 6787877"], ["url", "http://www.denns-biomarkt.de/10424_worms.html"], ["openingHours", "08:00-20:00; Su,PH closed"], ["description", "denn's Biomarkt Worms"], ["created_at", "2015-05-24 17:37:38.532608"], ["updated_at", "2015-05-24 17:37:38.532608"]]
  [1m[35mSQL (0.1ms)[0m  INSERT INTO "has_categories" ("category_id", "entry_id", "created_at", "updated_at") VALUES (?, ?, ?, ?)  [["category_id", 17], ["entry_id", 2], ["created_at", "2015-05-24 17:37:38.535024"], ["updated_at", "2015-05-24 17:37:38.535024"]]
  [1m[36m (4.1ms)[0m  [1mcommit transaction[0m
  [1m[35m (0.1ms)[0m  begin transaction
  [1m[36mSQL (0.5ms)[0m  [1mINSERT INTO "entries" ("name", "position", "city", "zip", "street", "phone", "openingHours", "description", "created_at", "updated_at") VALUES (?, ?, ?, ?, ?, ?, ?, ?, ?, ?)[0m  [["name", "Reformhaus"], ["position", "49.631395,8.363943"], ["city", "Worms"], ["zip", "67549"], ["street", "Am Römischen Kaiser 14"], ["phone", "06241 973837"], ["openingHours", "Mo-Fr 10:00-18:00; Sa 10:00-16:00; PH closed"], ["description", "Wormser Reformhaus Franz"], ["created_at", "2015-05-24 17:37:38.544167"], ["updated_at", "2015-05-24 17:37:38.544167"]]
  [1m[35mSQL (0.2ms)[0m  INSERT INTO "has_categories" ("category_id", "entry_id", "created_at", "updated_at") VALUES (?, ?, ?, ?)  [["category_id", 17], ["entry_id", 3], ["created_at", "2015-05-24 17:37:38.546769"], ["updated_at", "2015-05-24 17:37:38.546769"]]
  [1m[36m (3.4ms)[0m  [1mcommit transaction[0m
  [1m[36mActiveRecord::SchemaMigration Load (0.1ms)[0m  [1mSELECT "schema_migrations".* FROM "schema_migrations"[0m
  [1m[35m (0.1ms)[0m  begin transaction
  [1m[36mSQL (0.7ms)[0m  [1mINSERT INTO "categories" ("name", "created_at", "updated_at") VALUES (?, ?, ?)[0m  [["name", "Unternehmen"], ["created_at", "2015-05-24 17:38:46.838635"], ["updated_at", "2015-05-24 17:38:46.838635"]]
  [1m[35m (6.4ms)[0m  commit transaction
  [1m[36m (0.2ms)[0m  [1mbegin transaction[0m
  [1m[35mSQL (0.4ms)[0m  INSERT INTO "categories" ("name", "created_at", "updated_at") VALUES (?, ?, ?)  [["name", "Event"], ["created_at", "2015-05-24 17:38:46.852083"], ["updated_at", "2015-05-24 17:38:46.852083"]]
  [1m[36m (4.1ms)[0m  [1mcommit transaction[0m
  [1m[35m (0.2ms)[0m  begin transaction
  [1m[36mSQL (0.7ms)[0m  [1mINSERT INTO "categories" ("name", "created_at", "updated_at") VALUES (?, ?, ?)[0m  [["name", "Initiative"], ["created_at", "2015-05-24 17:38:46.861262"], ["updated_at", "2015-05-24 17:38:46.861262"]]
  [1m[35m (4.6ms)[0m  commit transaction
  [1m[36m (0.1ms)[0m  [1mbegin transaction[0m
  [1m[35mSQL (0.4ms)[0m  INSERT INTO "categories" ("name", "parent_id", "created_at", "updated_at") VALUES (?, ?, ?, ?)  [["name", "sozial"], ["parent_id", 19], ["created_at", "2015-05-24 17:38:46.880054"], ["updated_at", "2015-05-24 17:38:46.880054"]]
  [1m[36m (3.7ms)[0m  [1mcommit transaction[0m
  [1m[35m (0.1ms)[0m  begin transaction
  [1m[36mSQL (0.2ms)[0m  [1mINSERT INTO "categories" ("name", "parent_id", "created_at", "updated_at") VALUES (?, ?, ?, ?)[0m  [["name", "bio"], ["parent_id", 19], ["created_at", "2015-05-24 17:38:46.886310"], ["updated_at", "2015-05-24 17:38:46.886310"]]
  [1m[35m (4.7ms)[0m  commit transaction
  [1m[36m (0.1ms)[0m  [1mbegin transaction[0m
  [1m[35mSQL (0.5ms)[0m  INSERT INTO "categories" ("name", "parent_id", "created_at", "updated_at") VALUES (?, ?, ?, ?)  [["name", "fair"], ["parent_id", 21], ["created_at", "2015-05-24 17:38:46.894070"], ["updated_at", "2015-05-24 17:38:46.894070"]]
  [1m[36m (4.8ms)[0m  [1mcommit transaction[0m
  [1m[35m (0.2ms)[0m  begin transaction
  [1m[36mSQL (0.5ms)[0m  [1mINSERT INTO "categories" ("name", "parent_id", "created_at", "updated_at") VALUES (?, ?, ?, ?)[0m  [["name", "local"], ["parent_id", 19], ["created_at", "2015-05-24 17:38:46.904280"], ["updated_at", "2015-05-24 17:38:46.904280"]]
  [1m[35m (6.9ms)[0m  commit transaction
  [1m[36m (0.1ms)[0m  [1mbegin transaction[0m
  [1m[35mSQL (0.5ms)[0m  INSERT INTO "entries" ("name", "position", "city", "zip", "street", "phone", "url", "openingHours", "description", "created_at", "updated_at") VALUES (?, ?, ?, ?, ?, ?, ?, ?, ?, ?, ?)  [["name", "Weltladen"], ["position", "49.632109,8.360786"], ["city", "Worms"], ["zip", "67549"], ["street", "Obermarkt 4"], ["phone", "06241 973837"], ["url", "http://www.weltladen.de/worms"], ["openingHours", "Mo-Fr 10:00-18:00; Sa 10:00-16:00; PH closed"], ["description", "Weltladen Worms"], ["created_at", "2015-05-24 17:38:46.975422"], ["updated_at", "2015-05-24 17:38:46.975422"]]
  [1m[36mSQL (0.2ms)[0m  [1mINSERT INTO "has_categories" ("category_id", "entry_id", "created_at", "updated_at") VALUES (?, ?, ?, ?)[0m  [["category_id", 24], ["entry_id", 4], ["created_at", "2015-05-24 17:38:46.978411"], ["updated_at", "2015-05-24 17:38:46.978411"]]
  [1m[35m (4.7ms)[0m  commit transaction
  [1m[36m (0.1ms)[0m  [1mbegin transaction[0m
  [1m[35mSQL (0.3ms)[0m  INSERT INTO "entries" ("name", "position", "city", "zip", "street", "phone", "url", "openingHours", "description", "created_at", "updated_at") VALUES (?, ?, ?, ?, ?, ?, ?, ?, ?, ?, ?)  [["name", "denn's"], ["position", "49.62711,8.36255"], ["city", "Worms"], ["zip", "67547"], ["street", "Schönauer Straße 16"], ["phone", "06241 6787877"], ["url", "http://www.denns-biomarkt.de/10424_worms.html"], ["openingHours", "08:00-20:00; Su,PH closed"], ["description", "denn's Biomarkt Worms"], ["created_at", "2015-05-24 17:38:46.989596"], ["updated_at", "2015-05-24 17:38:46.989596"]]
  [1m[36mSQL (0.1ms)[0m  [1mINSERT INTO "has_categories" ("category_id", "entry_id", "created_at", "updated_at") VALUES (?, ?, ?, ?)[0m  [["category_id", 23], ["entry_id", 5], ["created_at", "2015-05-24 17:38:46.992084"], ["updated_at", "2015-05-24 17:38:46.992084"]]
  [1m[35m (5.2ms)[0m  commit transaction
  [1m[36m (0.1ms)[0m  [1mbegin transaction[0m
  [1m[35mSQL (0.6ms)[0m  INSERT INTO "entries" ("name", "position", "city", "zip", "street", "phone", "openingHours", "description", "created_at", "updated_at") VALUES (?, ?, ?, ?, ?, ?, ?, ?, ?, ?)  [["name", "Reformhaus"], ["position", "49.631395,8.363943"], ["city", "Worms"], ["zip", "67549"], ["street", "Am Römischen Kaiser 14"], ["phone", "06241 973837"], ["openingHours", "Mo-Fr 10:00-18:00; Sa 10:00-16:00; PH closed"], ["description", "Wormser Reformhaus Franz"], ["created_at", "2015-05-24 17:38:47.003251"], ["updated_at", "2015-05-24 17:38:47.003251"]]
  [1m[36mSQL (0.1ms)[0m  [1mINSERT INTO "has_categories" ("category_id", "entry_id", "created_at", "updated_at") VALUES (?, ?, ?, ?)[0m  [["category_id", 23], ["entry_id", 6], ["created_at", "2015-05-24 17:38:47.027638"], ["updated_at", "2015-05-24 17:38:47.027638"]]
  [1m[35m (3.9ms)[0m  commit transaction
  [1m[36mActiveRecord::SchemaMigration Load (0.2ms)[0m  [1mSELECT "schema_migrations".* FROM "schema_migrations"[0m
  [1m[35m (0.1ms)[0m  begin transaction
  [1m[36mSQL (0.7ms)[0m  [1mINSERT INTO "categories" ("name", "created_at", "updated_at") VALUES (?, ?, ?)[0m  [["name", "Unternehmen"], ["created_at", "2015-05-24 17:38:59.991690"], ["updated_at", "2015-05-24 17:38:59.991690"]]
  [1m[35m (5.6ms)[0m  commit transaction
  [1m[36m (0.2ms)[0m  [1mbegin transaction[0m
  [1m[35mSQL (0.4ms)[0m  INSERT INTO "categories" ("name", "created_at", "updated_at") VALUES (?, ?, ?)  [["name", "Event"], ["created_at", "2015-05-24 17:39:00.004428"], ["updated_at", "2015-05-24 17:39:00.004428"]]
  [1m[36m (3.6ms)[0m  [1mcommit transaction[0m
  [1m[35m (0.1ms)[0m  begin transaction
  [1m[36mSQL (0.4ms)[0m  [1mINSERT INTO "categories" ("name", "created_at", "updated_at") VALUES (?, ?, ?)[0m  [["name", "Initiative"], ["created_at", "2015-05-24 17:39:00.011935"], ["updated_at", "2015-05-24 17:39:00.011935"]]
  [1m[35m (3.3ms)[0m  commit transaction
  [1m[36m (0.1ms)[0m  [1mbegin transaction[0m
  [1m[35mSQL (0.6ms)[0m  INSERT INTO "categories" ("name", "parent_id", "created_at", "updated_at") VALUES (?, ?, ?, ?)  [["name", "sozial"], ["parent_id", 26], ["created_at", "2015-05-24 17:39:00.026682"], ["updated_at", "2015-05-24 17:39:00.026682"]]
  [1m[36m (4.5ms)[0m  [1mcommit transaction[0m
  [1m[35m (0.1ms)[0m  begin transaction
  [1m[36mSQL (0.4ms)[0m  [1mINSERT INTO "categories" ("name", "parent_id", "created_at", "updated_at") VALUES (?, ?, ?, ?)[0m  [["name", "bio"], ["parent_id", 26], ["created_at", "2015-05-24 17:39:00.035068"], ["updated_at", "2015-05-24 17:39:00.035068"]]
  [1m[35m (3.9ms)[0m  commit transaction
  [1m[36m (0.8ms)[0m  [1mbegin transaction[0m
  [1m[35mSQL (0.4ms)[0m  INSERT INTO "categories" ("name", "parent_id", "created_at", "updated_at") VALUES (?, ?, ?, ?)  [["name", "fair"], ["parent_id", 28], ["created_at", "2015-05-24 17:39:00.043237"], ["updated_at", "2015-05-24 17:39:00.043237"]]
  [1m[36m (4.2ms)[0m  [1mcommit transaction[0m
  [1m[35m (0.1ms)[0m  begin transaction
  [1m[36mSQL (0.3ms)[0m  [1mINSERT INTO "categories" ("name", "parent_id", "created_at", "updated_at") VALUES (?, ?, ?, ?)[0m  [["name", "local"], ["parent_id", 26], ["created_at", "2015-05-24 17:39:00.051237"], ["updated_at", "2015-05-24 17:39:00.051237"]]
  [1m[35m (4.0ms)[0m  commit transaction
  [1m[36m (0.1ms)[0m  [1mbegin transaction[0m
  [1m[35mSQL (0.6ms)[0m  INSERT INTO "entries" ("name", "position", "city", "zip", "street", "phone", "url", "openingHours", "description", "created_at", "updated_at") VALUES (?, ?, ?, ?, ?, ?, ?, ?, ?, ?, ?)  [["name", "Weltladen"], ["position", "49.632109,8.360786"], ["city", "Worms"], ["zip", "67549"], ["street", "Obermarkt 4"], ["phone", "06241 973837"], ["url", "http://www.weltladen.de/worms"], ["openingHours", "Mo-Fr 10:00-18:00; Sa 10:00-16:00; PH closed"], ["description", "Weltladen Worms"], ["created_at", "2015-05-24 17:39:00.119308"], ["updated_at", "2015-05-24 17:39:00.119308"]]
  [1m[36mSQL (0.2ms)[0m  [1mINSERT INTO "has_categories" ("category_id", "entry_id", "created_at", "updated_at") VALUES (?, ?, ?, ?)[0m  [["category_id", 31], ["entry_id", 7], ["created_at", "2015-05-24 17:39:00.122467"], ["updated_at", "2015-05-24 17:39:00.122467"]]
  [1m[35m (4.0ms)[0m  commit transaction
  [1m[36m (0.1ms)[0m  [1mbegin transaction[0m
  [1m[35mSQL (0.3ms)[0m  INSERT INTO "entries" ("name", "position", "city", "zip", "street", "phone", "url", "openingHours", "description", "created_at", "updated_at") VALUES (?, ?, ?, ?, ?, ?, ?, ?, ?, ?, ?)  [["name", "denn's"], ["position", "49.62711,8.36255"], ["city", "Worms"], ["zip", "67547"], ["street", "Schönauer Straße 16"], ["phone", "06241 6787877"], ["url", "http://www.denns-biomarkt.de/10424_worms.html"], ["openingHours", "08:00-20:00; Su,PH closed"], ["description", "denn's Biomarkt Worms"], ["created_at", "2015-05-24 17:39:00.132001"], ["updated_at", "2015-05-24 17:39:00.132001"]]
  [1m[36mSQL (0.1ms)[0m  [1mINSERT INTO "has_categories" ("category_id", "entry_id", "created_at", "updated_at") VALUES (?, ?, ?, ?)[0m  [["category_id", 30], ["entry_id", 8], ["created_at", "2015-05-24 17:39:00.134191"], ["updated_at", "2015-05-24 17:39:00.134191"]]
  [1m[35m (4.3ms)[0m  commit transaction
  [1m[36m (0.1ms)[0m  [1mbegin transaction[0m
  [1m[35mSQL (0.8ms)[0m  INSERT INTO "entries" ("name", "position", "city", "zip", "street", "phone", "openingHours", "description", "created_at", "updated_at") VALUES (?, ?, ?, ?, ?, ?, ?, ?, ?, ?)  [["name", "Reformhaus"], ["position", "49.631395,8.363943"], ["city", "Worms"], ["zip", "67549"], ["street", "Am Römischen Kaiser 14"], ["phone", "06241 973837"], ["openingHours", "Mo-Fr 10:00-18:00; Sa 10:00-16:00; PH closed"], ["description", "Wormser Reformhaus Franz"], ["created_at", "2015-05-24 17:39:00.144304"], ["updated_at", "2015-05-24 17:39:00.144304"]]
  [1m[36mSQL (0.2ms)[0m  [1mINSERT INTO "has_categories" ("category_id", "entry_id", "created_at", "updated_at") VALUES (?, ?, ?, ?)[0m  [["category_id", 30], ["entry_id", 9], ["created_at", "2015-05-24 17:39:00.166836"], ["updated_at", "2015-05-24 17:39:00.166836"]]
  [1m[35m (5.9ms)[0m  commit transaction
  [1m[36mActiveRecord::SchemaMigration Load (0.1ms)[0m  [1mSELECT "schema_migrations".* FROM "schema_migrations"[0m
  [1m[35m (0.2ms)[0m  begin transaction
  [1m[36mSQL (0.7ms)[0m  [1mINSERT INTO "categories" ("name", "created_at", "updated_at") VALUES (?, ?, ?)[0m  [["name", "Unternehmen"], ["created_at", "2015-05-24 17:39:09.763576"], ["updated_at", "2015-05-24 17:39:09.763576"]]
  [1m[35m (5.2ms)[0m  commit transaction
  [1m[36m (0.1ms)[0m  [1mbegin transaction[0m
  [1m[35mSQL (0.4ms)[0m  INSERT INTO "categories" ("name", "created_at", "updated_at") VALUES (?, ?, ?)  [["name", "Event"], ["created_at", "2015-05-24 17:39:09.776406"], ["updated_at", "2015-05-24 17:39:09.776406"]]
  [1m[36m (3.7ms)[0m  [1mcommit transaction[0m
  [1m[35m (0.1ms)[0m  begin transaction
  [1m[36mSQL (0.3ms)[0m  [1mINSERT INTO "categories" ("name", "created_at", "updated_at") VALUES (?, ?, ?)[0m  [["name", "Initiative"], ["created_at", "2015-05-24 17:39:09.783053"], ["updated_at", "2015-05-24 17:39:09.783053"]]
  [1m[35m (3.5ms)[0m  commit transaction
  [1m[36m (0.2ms)[0m  [1mbegin transaction[0m
  [1m[35mSQL (0.8ms)[0m  INSERT INTO "categories" ("name", "parent_id", "created_at", "updated_at") VALUES (?, ?, ?, ?)  [["name", "sozial"], ["parent_id", 33], ["created_at", "2015-05-24 17:39:09.799650"], ["updated_at", "2015-05-24 17:39:09.799650"]]
  [1m[36m (3.8ms)[0m  [1mcommit transaction[0m
  [1m[35m (0.1ms)[0m  begin transaction
  [1m[36mSQL (0.4ms)[0m  [1mINSERT INTO "categories" ("name", "parent_id", "created_at", "updated_at") VALUES (?, ?, ?, ?)[0m  [["name", "bio"], ["parent_id", 33], ["created_at", "2015-05-24 17:39:09.809326"], ["updated_at", "2015-05-24 17:39:09.809326"]]
  [1m[35m (4.8ms)[0m  commit transaction
  [1m[36m (0.1ms)[0m  [1mbegin transaction[0m
  [1m[35mSQL (0.4ms)[0m  INSERT INTO "categories" ("name", "parent_id", "created_at", "updated_at") VALUES (?, ?, ?, ?)  [["name", "fair"], ["parent_id", 35], ["created_at", "2015-05-24 17:39:09.818335"], ["updated_at", "2015-05-24 17:39:09.818335"]]
  [1m[36m (3.3ms)[0m  [1mcommit transaction[0m
  [1m[35m (0.1ms)[0m  begin transaction
  [1m[36mSQL (0.3ms)[0m  [1mINSERT INTO "categories" ("name", "parent_id", "created_at", "updated_at") VALUES (?, ?, ?, ?)[0m  [["name", "local"], ["parent_id", 33], ["created_at", "2015-05-24 17:39:09.825437"], ["updated_at", "2015-05-24 17:39:09.825437"]]
  [1m[35m (2.9ms)[0m  commit transaction
  [1m[36m (0.1ms)[0m  [1mbegin transaction[0m
  [1m[35mSQL (0.5ms)[0m  INSERT INTO "entries" ("name", "position", "city", "zip", "street", "phone", "url", "openingHours", "description", "created_at", "updated_at") VALUES (?, ?, ?, ?, ?, ?, ?, ?, ?, ?, ?)  [["name", "Weltladen"], ["position", "49.632109,8.360786"], ["city", "Worms"], ["zip", "67549"], ["street", "Obermarkt 4"], ["phone", "06241 973837"], ["url", "http://www.weltladen.de/worms"], ["openingHours", "Mo-Fr 10:00-18:00; Sa 10:00-16:00; PH closed"], ["description", "Weltladen Worms"], ["created_at", "2015-05-24 17:39:09.883326"], ["updated_at", "2015-05-24 17:39:09.883326"]]
  [1m[36mSQL (0.2ms)[0m  [1mINSERT INTO "has_categories" ("category_id", "entry_id", "created_at", "updated_at") VALUES (?, ?, ?, ?)[0m  [["category_id", 38], ["entry_id", 10], ["created_at", "2015-05-24 17:39:09.885956"], ["updated_at", "2015-05-24 17:39:09.885956"]]
  [1m[35m (4.1ms)[0m  commit transaction
  [1m[36m (0.1ms)[0m  [1mbegin transaction[0m
  [1m[35mSQL (0.3ms)[0m  INSERT INTO "entries" ("name", "position", "city", "zip", "street", "phone", "url", "openingHours", "description", "created_at", "updated_at") VALUES (?, ?, ?, ?, ?, ?, ?, ?, ?, ?, ?)  [["name", "denn's"], ["position", "49.62711,8.36255"], ["city", "Worms"], ["zip", "67547"], ["street", "Schönauer Straße 16"], ["phone", "06241 6787877"], ["url", "http://www.denns-biomarkt.de/10424_worms.html"], ["openingHours", "08:00-20:00; Su,PH closed"], ["description", "denn's Biomarkt Worms"], ["created_at", "2015-05-24 17:39:09.895674"], ["updated_at", "2015-05-24 17:39:09.895674"]]
  [1m[36mSQL (0.1ms)[0m  [1mINSERT INTO "has_categories" ("category_id", "entry_id", "created_at", "updated_at") VALUES (?, ?, ?, ?)[0m  [["category_id", 37], ["entry_id", 11], ["created_at", "2015-05-24 17:39:09.897562"], ["updated_at", "2015-05-24 17:39:09.897562"]]
  [1m[35m (4.4ms)[0m  commit transaction
  [1m[36m (0.1ms)[0m  [1mbegin transaction[0m
  [1m[35mSQL (0.7ms)[0m  INSERT INTO "entries" ("name", "position", "city", "zip", "street", "phone", "openingHours", "description", "created_at", "updated_at") VALUES (?, ?, ?, ?, ?, ?, ?, ?, ?, ?)  [["name", "Reformhaus"], ["position", "49.631395,8.363943"], ["city", "Worms"], ["zip", "67549"], ["street", "Am Römischen Kaiser 14"], ["phone", "06241 973837"], ["openingHours", "Mo-Fr 10:00-18:00; Sa 10:00-16:00; PH closed"], ["description", "Wormser Reformhaus Franz"], ["created_at", "2015-05-24 17:39:09.908389"], ["updated_at", "2015-05-24 17:39:09.908389"]]
  [1m[36mSQL (0.1ms)[0m  [1mINSERT INTO "has_categories" ("category_id", "entry_id", "created_at", "updated_at") VALUES (?, ?, ?, ?)[0m  [["category_id", 37], ["entry_id", 12], ["created_at", "2015-05-24 17:39:09.931284"], ["updated_at", "2015-05-24 17:39:09.931284"]]
  [1m[35m (4.6ms)[0m  commit transaction
  [1m[36m (0.1ms)[0m  [1mbegin transaction[0m
  [1m[35mSQL (0.3ms)[0m  INSERT INTO "entries" ("name", "position", "city", "zip", "street", "phone", "url", "openingHours", "description", "created_at", "updated_at") VALUES (?, ?, ?, ?, ?, ?, ?, ?, ?, ?, ?)  [["name", "Hofladen Kreuzhof"], ["position", "49.596566,8.458893"], ["city", "Lampertheim"], ["zip", "68623"], ["street", "Biedensandstraße 33"], ["phone", "06206 4771"], ["url", "http://www.kreuzhof-karb.de/"], ["openingHours", "Tu-Fr 09:00-19:00; Sa 08:00-13:00; Mo,PH closed"], ["description", "Kreuzhofbauer Edyta und Heinz Karb"], ["created_at", "2015-05-24 17:39:09.941647"], ["updated_at", "2015-05-24 17:39:09.941647"]]
  [1m[36mSQL (0.1ms)[0m  [1mINSERT INTO "has_categories" ("category_id", "entry_id", "created_at", "updated_at") VALUES (?, ?, ?, ?)[0m  [["category_id", 39], ["entry_id", 13], ["created_at", "2015-05-24 17:39:09.944005"], ["updated_at", "2015-05-24 17:39:09.944005"]]
  [1m[35m (5.3ms)[0m  commit transaction


Started GET "/" for 134.3.143.23 at 2015-05-24 19:39:13 +0200
  [1m[36mActiveRecord::SchemaMigration Load (0.1ms)[0m  [1mSELECT "schema_migrations".* FROM "schema_migrations"[0m
Processing by Rails::WelcomeController#index as HTML
  Rendered /home/petricho/.gem/gems/railties-4.2.1/lib/rails/templates/rails/welcome/index.html.erb (1.1ms)
Completed 200 OK in 41ms (Views: 12.9ms | ActiveRecord: 0.0ms)


Started GET "/api" for 134.3.143.23 at 2015-05-24 19:39:20 +0200

ActionController::RoutingError (No route matches [GET] "/api"):
  actionpack (4.2.1) lib/action_dispatch/middleware/debug_exceptions.rb:21:in `call'
  actionpack (4.2.1) lib/action_dispatch/middleware/show_exceptions.rb:30:in `call'
  railties (4.2.1) lib/rails/rack/logger.rb:38:in `call_app'
  railties (4.2.1) lib/rails/rack/logger.rb:20:in `block in call'
  activesupport (4.2.1) lib/active_support/tagged_logging.rb:68:in `block in tagged'
  activesupport (4.2.1) lib/active_support/tagged_logging.rb:26:in `tagged'
  activesupport (4.2.1) lib/active_support/tagged_logging.rb:68:in `tagged'
  railties (4.2.1) lib/rails/rack/logger.rb:20:in `call'
  actionpack (4.2.1) lib/action_dispatch/middleware/request_id.rb:21:in `call'
  /home/petricho/.gem/ruby/2.2.0/gems/rack-1.6.1/lib/rack/methodoverride.rb:22:in `call'
  /home/petricho/.gem/ruby/2.2.0/gems/rack-1.6.1/lib/rack/runtime.rb:18:in `call'
  activesupport (4.2.1) lib/active_support/cache/strategy/local_cache_middleware.rb:28:in `call'
  /home/petricho/.gem/ruby/2.2.0/gems/rack-1.6.1/lib/rack/lock.rb:17:in `call'
  actionpack (4.2.1) lib/action_dispatch/middleware/static.rb:113:in `call'
  /home/petricho/.gem/ruby/2.2.0/gems/rack-1.6.1/lib/rack/sendfile.rb:113:in `call'
  railties (4.2.1) lib/rails/engine.rb:518:in `call'
  railties (4.2.1) lib/rails/application.rb:164:in `call'
  /home/petricho/.gem/ruby/2.2.0/gems/unicorn-4.9.0/lib/unicorn/http_server.rb:580:in `process_client'
  /home/petricho/.gem/ruby/2.2.0/gems/unicorn-4.9.0/lib/unicorn/http_server.rb:674:in `worker_loop'
  /home/petricho/.gem/ruby/2.2.0/gems/unicorn-4.9.0/lib/unicorn/http_server.rb:529:in `spawn_missing_workers'
  /home/petricho/.gem/ruby/2.2.0/gems/unicorn-4.9.0/lib/unicorn/http_server.rb:140:in `start'
  /home/petricho/.gem/ruby/2.2.0/gems/unicorn-4.9.0/bin/unicorn_rails:209:in `<top (required)>'
  /home/petricho/.gem/ruby/2.2.0/bin/unicorn_rails:23:in `load'
  /home/petricho/.gem/ruby/2.2.0/bin/unicorn_rails:23:in `<main>'


  Rendered /home/petricho/.gem/gems/actionpack-4.2.1/lib/action_dispatch/middleware/templates/rescues/_trace.html.erb (2.1ms)
  Rendered /home/petricho/.gem/gems/actionpack-4.2.1/lib/action_dispatch/middleware/templates/routes/_route.html.erb (0.9ms)
  Rendered /home/petricho/.gem/gems/actionpack-4.2.1/lib/action_dispatch/middleware/templates/routes/_table.html.erb (38.5ms)
  Rendered /home/petricho/.gem/gems/actionpack-4.2.1/lib/action_dispatch/middleware/templates/rescues/_request_and_response.html.erb (1.8ms)
  Rendered /home/petricho/.gem/gems/actionpack-4.2.1/lib/action_dispatch/middleware/templates/rescues/routing_error.html.erb within rescues/layout (104.2ms)


Started GET "/api/index" for 134.3.143.23 at 2015-05-24 19:40:25 +0200
Processing by ApiController#index as HTML
  [1m[35mEntry Load (0.4ms)[0m  SELECT "entries".* FROM "entries"
  [1m[36mHasCategory Load (0.4ms)[0m  [1mSELECT "has_categories".* FROM "has_categories" WHERE "has_categories"."entry_id" IN (1, 2, 3, 4, 5, 6, 7, 8, 9, 10, 11, 12, 13)[0m
  [1m[35mCategory Load (0.3ms)[0m  SELECT "categories".* FROM "categories" WHERE "categories"."id" IN (18, 17, 24, 23, 31, 30, 38, 37, 39)
Completed 500 Internal Server Error in 135ms (ActiveRecord: 2.2ms)

NameError (undefined local variable or method `tags' for #<ApiController:0x007fb5e81d3c38>):
  app/controllers/api_controller.rb:11:in `block in index'
  app/controllers/api_controller.rb:10:in `index'


  Rendered /home/petricho/.gem/gems/actionpack-4.2.1/lib/action_dispatch/middleware/templates/rescues/_source.erb (7.5ms)
  Rendered /home/petricho/.gem/gems/actionpack-4.2.1/lib/action_dispatch/middleware/templates/rescues/_trace.html.erb (3.3ms)
  Rendered /home/petricho/.gem/gems/actionpack-4.2.1/lib/action_dispatch/middleware/templates/rescues/_request_and_response.html.erb (1.3ms)
  Rendered /home/petricho/.gem/gems/actionpack-4.2.1/lib/action_dispatch/middleware/templates/rescues/diagnostics.html.erb within rescues/layout (40.2ms)


Started GET "/api/index" for 134.3.143.23 at 2015-05-24 19:41:28 +0200
Processing by ApiController#index as HTML
  [1m[36mEntry Load (0.6ms)[0m  [1mSELECT "entries".* FROM "entries"[0m
  [1m[35mHasCategory Load (0.3ms)[0m  SELECT "has_categories".* FROM "has_categories" WHERE "has_categories"."entry_id" IN (1, 2, 3, 4, 5, 6, 7, 8, 9, 10, 11, 12, 13)
  [1m[36mCategory Load (0.2ms)[0m  [1mSELECT "categories".* FROM "categories" WHERE "categories"."id" IN (18, 17, 24, 23, 31, 30, 38, 37, 39)[0m
Completed 500 Internal Server Error in 47ms (ActiveRecord: 1.9ms)

NoMethodError (undefined method `tags' for #<Entry:0x007fb5e7225b60>):
  app/controllers/api_controller.rb:11:in `block in index'
  app/controllers/api_controller.rb:10:in `index'


  Rendered /home/petricho/.gem/gems/actionpack-4.2.1/lib/action_dispatch/middleware/templates/rescues/_source.erb (6.7ms)
  Rendered /home/petricho/.gem/gems/actionpack-4.2.1/lib/action_dispatch/middleware/templates/rescues/_trace.html.erb (3.1ms)
  Rendered /home/petricho/.gem/gems/actionpack-4.2.1/lib/action_dispatch/middleware/templates/rescues/_request_and_response.html.erb (1.2ms)
  Rendered /home/petricho/.gem/gems/actionpack-4.2.1/lib/action_dispatch/middleware/templates/rescues/diagnostics.html.erb within rescues/layout (28.6ms)


Started GET "/api/index" for 134.3.143.23 at 2015-05-24 19:41:42 +0200
Processing by ApiController#index as HTML
  [1m[35mEntry Load (0.6ms)[0m  SELECT "entries".* FROM "entries"
  [1m[36mHasCategory Load (0.3ms)[0m  [1mSELECT "has_categories".* FROM "has_categories" WHERE "has_categories"."entry_id" IN (1, 2, 3, 4, 5, 6, 7, 8, 9, 10, 11, 12, 13)[0m
  [1m[35mCategory Load (0.3ms)[0m  SELECT "categories".* FROM "categories" WHERE "categories"."id" IN (18, 17, 24, 23, 31, 30, 38, 37, 39)
  [1m[36mCACHE (0.0ms)[0m  [1mSELECT "entries".* FROM "entries"[0m
Completed 200 OK in 64ms (Views: 10.9ms | ActiveRecord: 2.1ms)
  [1m[36m (6.0ms)[0m  [1mCREATE TABLE "schema_migrations" ("version" varchar NOT NULL) [0m
  [1m[35m (0.2ms)[0m  select sqlite_version(*)
  [1m[36m (4.7ms)[0m  [1mCREATE UNIQUE INDEX "unique_schema_migrations" ON "schema_migrations" ("version")[0m
  [1m[35mActiveRecord::SchemaMigration Load (0.8ms)[0m  SELECT "schema_migrations".* FROM "schema_migrations"
Migrating to SetupDatabase (20141109203817)
  [1m[36m (0.1ms)[0m  [1mbegin transaction[0m
DEPRECATION WARNING: `#timestamp` was called without specifying an option for `null`. In Rails 5, this behavior will change to `null: false`. You should manually specify `null: true` to prevent the behavior of your existing migrations from changing. (called from block in change at /home/petricho/Karte_von_morgen_Rails/db/migrate/20141109203817_setup_database.rb:16)
  [1m[35m (0.6ms)[0m  CREATE TABLE "entries" ("id" INTEGER PRIMARY KEY AUTOINCREMENT NOT NULL, "name" varchar, "description" varchar, "city" varchar, "zip" varchar, "street" varchar, "phone" varchar, "email" varchar, "url" varchar, "position" varchar, "openingHours" varchar, "created_at" datetime, "updated_at" datetime) 
DEPRECATION WARNING: `#timestamp` was called without specifying an option for `null`. In Rails 5, this behavior will change to `null: false`. You should manually specify `null: true` to prevent the behavior of your existing migrations from changing. (called from block in change at /home/petricho/Karte_von_morgen_Rails/db/migrate/20141109203817_setup_database.rb:23)
  [1m[36m (0.2ms)[0m  [1mCREATE TABLE "categories" ("id" INTEGER PRIMARY KEY AUTOINCREMENT NOT NULL, "parent_id" integer, "name" varchar, "created_at" datetime, "updated_at" datetime) [0m
  [1m[35m (0.2ms)[0m  CREATE  INDEX "index_categories_on_parent_id" ON "categories" ("parent_id")
DEPRECATION WARNING: `#timestamp` was called without specifying an option for `null`. In Rails 5, this behavior will change to `null: false`. You should manually specify `null: true` to prevent the behavior of your existing migrations from changing. (called from block in change at /home/petricho/Karte_von_morgen_Rails/db/migrate/20141109203817_setup_database.rb:30)
  [1m[36m (0.2ms)[0m  [1mCREATE TABLE "has_categories" ("entry_id" integer, "category_id" integer, "created_at" datetime, "updated_at" datetime) [0m
  [1m[35m (0.2ms)[0m  CREATE  INDEX "index_has_categories_on_entry_id" ON "has_categories" ("entry_id")
  [1m[36m (0.1ms)[0m  [1m            SELECT sql
            FROM sqlite_master
            WHERE name='index_has_categories_on_entry_id' AND type='index'
            UNION ALL
            SELECT sql
            FROM sqlite_temp_master
            WHERE name='index_has_categories_on_entry_id' AND type='index'
[0m
  [1m[35m (0.2ms)[0m  CREATE  INDEX "index_has_categories_on_category_id" ON "has_categories" ("category_id")
  [1m[36mSQL (0.3ms)[0m  [1mINSERT INTO "schema_migrations" ("version") VALUES (?)[0m  [["version", "20141109203817"]]
  [1m[35m (4.9ms)[0m  commit transaction
  [1m[36mActiveRecord::SchemaMigration Load (0.1ms)[0m  [1mSELECT "schema_migrations".* FROM "schema_migrations"[0m
  [1m[35m (0.2ms)[0m              SELECT sql
            FROM sqlite_master
            WHERE name='index_categories_on_parent_id' AND type='index'
            UNION ALL
            SELECT sql
            FROM sqlite_temp_master
            WHERE name='index_categories_on_parent_id' AND type='index'

  [1m[36m (0.2ms)[0m  [1m            SELECT sql
            FROM sqlite_master
            WHERE name='index_has_categories_on_category_id' AND type='index'
            UNION ALL
            SELECT sql
            FROM sqlite_temp_master
            WHERE name='index_has_categories_on_category_id' AND type='index'
[0m
  [1m[35m (0.1ms)[0m              SELECT sql
            FROM sqlite_master
            WHERE name='index_has_categories_on_entry_id' AND type='index'
            UNION ALL
            SELECT sql
            FROM sqlite_temp_master
            WHERE name='index_has_categories_on_entry_id' AND type='index'

  [1m[36mActiveRecord::SchemaMigration Load (0.1ms)[0m  [1mSELECT "schema_migrations".* FROM "schema_migrations"[0m
  [1m[35m (0.1ms)[0m  begin transaction
  [1m[36mSQL (0.7ms)[0m  [1mINSERT INTO "categories" ("name", "created_at", "updated_at") VALUES (?, ?, ?)[0m  [["name", "Unternehmen"], ["created_at", "2015-05-24 17:42:29.903298"], ["updated_at", "2015-05-24 17:42:29.903298"]]
  [1m[35m (5.2ms)[0m  commit transaction
  [1m[36m (0.2ms)[0m  [1mbegin transaction[0m
  [1m[35mSQL (0.7ms)[0m  INSERT INTO "categories" ("name", "created_at", "updated_at") VALUES (?, ?, ?)  [["name", "Event"], ["created_at", "2015-05-24 17:42:29.916946"], ["updated_at", "2015-05-24 17:42:29.916946"]]
  [1m[36m (4.2ms)[0m  [1mcommit transaction[0m
  [1m[35m (0.1ms)[0m  begin transaction
  [1m[36mSQL (0.6ms)[0m  [1mINSERT INTO "categories" ("name", "created_at", "updated_at") VALUES (?, ?, ?)[0m  [["name", "Initiative"], ["created_at", "2015-05-24 17:42:29.927611"], ["updated_at", "2015-05-24 17:42:29.927611"]]
  [1m[35m (4.3ms)[0m  commit transaction
  [1m[36m (0.1ms)[0m  [1mbegin transaction[0m
  [1m[35mSQL (0.9ms)[0m  INSERT INTO "categories" ("name", "parent_id", "created_at", "updated_at") VALUES (?, ?, ?, ?)  [["name", "sozial"], ["parent_id", 1], ["created_at", "2015-05-24 17:42:29.948217"], ["updated_at", "2015-05-24 17:42:29.948217"]]
  [1m[36m (4.3ms)[0m  [1mcommit transaction[0m
  [1m[35m (0.1ms)[0m  begin transaction
  [1m[36mSQL (0.3ms)[0m  [1mINSERT INTO "categories" ("name", "parent_id", "created_at", "updated_at") VALUES (?, ?, ?, ?)[0m  [["name", "bio"], ["parent_id", 1], ["created_at", "2015-05-24 17:42:29.957782"], ["updated_at", "2015-05-24 17:42:29.957782"]]
  [1m[35m (3.6ms)[0m  commit transaction
  [1m[36m (0.1ms)[0m  [1mbegin transaction[0m
  [1m[35mSQL (0.4ms)[0m  INSERT INTO "categories" ("name", "parent_id", "created_at", "updated_at") VALUES (?, ?, ?, ?)  [["name", "fair"], ["parent_id", 3], ["created_at", "2015-05-24 17:42:29.964306"], ["updated_at", "2015-05-24 17:42:29.964306"]]
  [1m[36m (3.9ms)[0m  [1mcommit transaction[0m
  [1m[35m (0.1ms)[0m  begin transaction
  [1m[36mSQL (0.4ms)[0m  [1mINSERT INTO "categories" ("name", "parent_id", "created_at", "updated_at") VALUES (?, ?, ?, ?)[0m  [["name", "local"], ["parent_id", 1], ["created_at", "2015-05-24 17:42:29.971643"], ["updated_at", "2015-05-24 17:42:29.971643"]]
  [1m[35m (3.8ms)[0m  commit transaction
  [1m[36m (0.1ms)[0m  [1mbegin transaction[0m
  [1m[35mSQL (0.5ms)[0m  INSERT INTO "entries" ("name", "position", "city", "zip", "street", "phone", "url", "openingHours", "description", "created_at", "updated_at") VALUES (?, ?, ?, ?, ?, ?, ?, ?, ?, ?, ?)  [["name", "Weltladen"], ["position", "49.632109,8.360786"], ["city", "Worms"], ["zip", "67549"], ["street", "Obermarkt 4"], ["phone", "06241 973837"], ["url", "http://www.weltladen.de/worms"], ["openingHours", "Mo-Fr 10:00-18:00; Sa 10:00-16:00; PH closed"], ["description", "Weltladen Worms"], ["created_at", "2015-05-24 17:42:30.039285"], ["updated_at", "2015-05-24 17:42:30.039285"]]
  [1m[36mSQL (0.2ms)[0m  [1mINSERT INTO "has_categories" ("category_id", "entry_id", "created_at", "updated_at") VALUES (?, ?, ?, ?)[0m  [["category_id", 6], ["entry_id", 1], ["created_at", "2015-05-24 17:42:30.042248"], ["updated_at", "2015-05-24 17:42:30.042248"]]
  [1m[35m (4.1ms)[0m  commit transaction
  [1m[36m (0.1ms)[0m  [1mbegin transaction[0m
  [1m[35mSQL (0.3ms)[0m  INSERT INTO "entries" ("name", "position", "city", "zip", "street", "phone", "url", "openingHours", "description", "created_at", "updated_at") VALUES (?, ?, ?, ?, ?, ?, ?, ?, ?, ?, ?)  [["name", "denn's"], ["position", "49.62711,8.36255"], ["city", "Worms"], ["zip", "67547"], ["street", "Schönauer Straße 16"], ["phone", "06241 6787877"], ["url", "http://www.denns-biomarkt.de/10424_worms.html"], ["openingHours", "08:00-20:00; Su,PH closed"], ["description", "denn's Biomarkt Worms"], ["created_at", "2015-05-24 17:42:30.052909"], ["updated_at", "2015-05-24 17:42:30.052909"]]
  [1m[36mSQL (0.2ms)[0m  [1mINSERT INTO "has_categories" ("category_id", "entry_id", "created_at", "updated_at") VALUES (?, ?, ?, ?)[0m  [["category_id", 5], ["entry_id", 2], ["created_at", "2015-05-24 17:42:30.055232"], ["updated_at", "2015-05-24 17:42:30.055232"]]
  [1m[35m (3.5ms)[0m  commit transaction
  [1m[36m (0.2ms)[0m  [1mbegin transaction[0m
  [1m[35mSQL (0.6ms)[0m  INSERT INTO "entries" ("name", "position", "city", "zip", "street", "phone", "openingHours", "description", "created_at", "updated_at") VALUES (?, ?, ?, ?, ?, ?, ?, ?, ?, ?)  [["name", "Reformhaus"], ["position", "49.631395,8.363943"], ["city", "Worms"], ["zip", "67549"], ["street", "Am Römischen Kaiser 14"], ["phone", "06241 973837"], ["openingHours", "Mo-Fr 10:00-18:00; Sa 10:00-16:00; PH closed"], ["description", "Wormser Reformhaus Franz"], ["created_at", "2015-05-24 17:42:30.067319"], ["updated_at", "2015-05-24 17:42:30.067319"]]
  [1m[36mSQL (0.1ms)[0m  [1mINSERT INTO "has_categories" ("category_id", "entry_id", "created_at", "updated_at") VALUES (?, ?, ?, ?)[0m  [["category_id", 5], ["entry_id", 3], ["created_at", "2015-05-24 17:42:30.092207"], ["updated_at", "2015-05-24 17:42:30.092207"]]
  [1m[35m (4.0ms)[0m  commit transaction
  [1m[36m (0.1ms)[0m  [1mbegin transaction[0m
  [1m[35mSQL (0.3ms)[0m  INSERT INTO "entries" ("name", "position", "city", "zip", "street", "phone", "url", "openingHours", "description", "created_at", "updated_at") VALUES (?, ?, ?, ?, ?, ?, ?, ?, ?, ?, ?)  [["name", "Hofladen Kreuzhof"], ["position", "49.596566,8.458893"], ["city", "Lampertheim"], ["zip", "68623"], ["street", "Biedensandstraße 33"], ["phone", "06206 4771"], ["url", "http://www.kreuzhof-karb.de/"], ["openingHours", "Tu-Fr 09:00-19:00; Sa 08:00-13:00; Mo,PH closed"], ["description", "Kreuzhofbauer Edyta und Heinz Karb"], ["created_at", "2015-05-24 17:42:30.102280"], ["updated_at", "2015-05-24 17:42:30.102280"]]
  [1m[36mSQL (0.1ms)[0m  [1mINSERT INTO "has_categories" ("category_id", "entry_id", "created_at", "updated_at") VALUES (?, ?, ?, ?)[0m  [["category_id", 7], ["entry_id", 4], ["created_at", "2015-05-24 17:42:30.104159"], ["updated_at", "2015-05-24 17:42:30.104159"]]
  [1m[35m (4.1ms)[0m  commit transaction


Started GET "/api/index" for 134.3.143.23 at 2015-05-24 19:42:32 +0200
Processing by ApiController#index as HTML
  [1m[35mEntry Load (0.5ms)[0m  SELECT "entries".* FROM "entries"
  [1m[36mHasCategory Load (0.3ms)[0m  [1mSELECT "has_categories".* FROM "has_categories" WHERE "has_categories"."entry_id" IN (1, 2, 3, 4)[0m
  [1m[35mCategory Load (0.2ms)[0m  SELECT "categories".* FROM "categories" WHERE "categories"."id" IN (6, 5, 7)
  [1m[36mCACHE (0.0ms)[0m  [1mSELECT "entries".* FROM "entries"[0m
Completed 200 OK in 56ms (Views: 4.4ms | ActiveRecord: 1.9ms)
